Arguments: 
  C:\Program Files\nodejs\node.exe C:\Program Files (x86)\Yarn\bin\yarn.js install

PATH: 
  C:\Program Files (x86)\Razer Chroma SDK\bin;C:\Program Files\Razer Chroma SDK\bin;C:\Program Files (x86)\Intel\iCLS Client\;C:\Program Files\Intel\iCLS Client\;C:\Windows\system32;C:\Windows;C:\Windows\System32\Wbem;C:\Windows\System32\WindowsPowerShell\v1.0\;C:\Program Files (x86)\Intel\Intel(R) Management Engine Components\DAL;C:\Program Files\Intel\Intel(R) Management Engine Components\DAL;C:\Program Files (x86)\Intel\Intel(R) Management Engine Components\IPT;C:\Program Files\Intel\Intel(R) Management Engine Components\IPT;C:\Users\Administrator\AppData\Local\Microsoft\WindowsApps;C:\Program Files\dotnet\;C:\Program Files\nodejs\;C:\Program Files (x86)\Yarn\bin;C:\WINDOWS\system32;C:\WINDOWS;C:\WINDOWS\System32\Wbem;C:\WINDOWS\System32\WindowsPowerShell\v1.0\;C:\Program Files\TortoiseGit\bin;C:\Program Files\Git\cmd;C:\WINDOWS\System32\OpenSSH\;C:\Users\Henry\AppData\Local\Microsoft\WindowsApps;C:\Program Files (x86)\Microsoft VS Code\bin;C:\Users\Henry\AppData\Roaming\npm;C:\Users\Henry\AppData\Local\Yarn\bin;C:\Users\Henry\AppData\Local\atom\bin;%USERPROFILE%\AppData\Local\Microsoft\WindowsApps

Yarn version: 
  0.24.6

Node version: 
  6.10.3

Platform: 
  win32 x64

npm manifest: 
  {
    "name": "family_tree_core_2",
    "version": "0.0.0.1",
    "dependencies": {
      "bootstrap": "^4.0.0",
      "jquery": "^3.3.1",
      "popper.js": "^1.14.1"
    },
    "devDependencies": {
      "gulp":"3.9.1",
      "gulp-bundle-assets": "2.29.0"
    }
  }

yarn manifest: 
  No manifest

Lockfile: 
  No lockfile

Trace: 
  Error: ENOENT: no such file or directory, chmod 'C:\Users\Henry\Documents\Code\fTreeCore2\fTreeCore2.Web\node_modules\fobject\node_modules\.bin\semver'
      at Error (native)
